C:\Program Files\Microsoft Visual Studio\2022\Community\MSBuild\Microsoft\VC\v170\Microsoft.CppBuild.targets(517,5): warning MSB8004: Output Directory does not end with a trailing slash.  This build instance will add the slash as it is required to allow proper evaluation of the Output Directory.
  LSLog.cpp
  CLog.cpp
C:\Users\Administrator\Pictures\lslog breker\lslog breker\Last Korea lslog\ls-addon-main\LSLog\src\CLog.cpp(21,5): warning C4996: 'vsprintf': This function or variable may be unsafe. Consider using vsprintf_s instead. To disable deprecation, use _CRT_SECURE_NO_WARNINGS. See online help for details.
C:\Users\Administrator\Pictures\lslog breker\lslog breker\Last Korea lslog\ls-addon-main\LSLog\src\CLog.cpp(42,5): warning C4996: 'vsprintf': This function or variable may be unsafe. Consider using vsprintf_s instead. To disable deprecation, use _CRT_SECURE_NO_WARNINGS. See online help for details.
C:\Users\Administrator\Pictures\lslog breker\lslog breker\Last Korea lslog\ls-addon-main\LSLog\src\CLog.cpp(52,2): warning C4996: 'sprintf': This function or variable may be unsafe. Consider using sprintf_s instead. To disable deprecation, use _CRT_SECURE_NO_WARNINGS. See online help for details.
C:\Users\Administrator\Pictures\lslog breker\lslog breker\Last Korea lslog\ls-addon-main\LSLog\src\CLog.cpp(84,13): warning C4996: 'fopen': This function or variable may be unsafe. Consider using fopen_s instead. To disable deprecation, use _CRT_SECURE_NO_WARNINGS. See online help for details.
C:\Users\Administrator\Pictures\lslog breker\lslog breker\Last Korea lslog\ls-addon-main\LSLog\src\CLog.cpp(93,13): warning C4996: 'fopen': This function or variable may be unsafe. Consider using fopen_s instead. To disable deprecation, use _CRT_SECURE_NO_WARNINGS. See online help for details.
C:\Users\Administrator\Pictures\lslog breker\lslog breker\Last Korea lslog\ls-addon-main\LSLog\src\CLog.cpp(104,15): warning C4996: 'freopen': This function or variable may be unsafe. Consider using freopen_s instead. To disable deprecation, use _CRT_SECURE_NO_WARNINGS. See online help for details.
C:\Users\Administrator\Pictures\lslog breker\lslog breker\Last Korea lslog\ls-addon-main\LSLog\src\CLog.cpp(120,15): warning C4996: 'freopen': This function or variable may be unsafe. Consider using freopen_s instead. To disable deprecation, use _CRT_SECURE_NO_WARNINGS. See online help for details.
C:\Users\Administrator\Pictures\lslog breker\lslog breker\Last Korea lslog\ls-addon-main\LSLog\src\CLog.cpp(129,2): warning C4996: 'sprintf': This function or variable may be unsafe. Consider using sprintf_s instead. To disable deprecation, use _CRT_SECURE_NO_WARNINGS. See online help for details.
C:\Users\Administrator\Pictures\lslog breker\lslog breker\Last Korea lslog\ls-addon-main\LSLog\src\CLog.cpp(132,2): warning C4996: '_splitpath': This function or variable may be unsafe. Consider using _splitpath_s instead. To disable deprecation, use _CRT_SECURE_NO_WARNINGS. See online help for details.
C:\Users\Administrator\Pictures\lslog breker\lslog breker\Last Korea lslog\ls-addon-main\LSLog\src\CLog.cpp(135,2): warning C4996: 'sprintf': This function or variable may be unsafe. Consider using sprintf_s instead. To disable deprecation, use _CRT_SECURE_NO_WARNINGS. See online help for details.
C:\Users\Administrator\Pictures\lslog breker\lslog breker\Last Korea lslog\ls-addon-main\LSLog\src\CLog.cpp(163,2): warning C4996: 'vsprintf': This function or variable may be unsafe. Consider using vsprintf_s instead. To disable deprecation, use _CRT_SECURE_NO_WARNINGS. See online help for details.
C:\Users\Administrator\Pictures\lslog breker\lslog breker\Last Korea lslog\ls-addon-main\LSLog\src\CLog.cpp(183,2): warning C4996: 'vsprintf': This function or variable may be unsafe. Consider using vsprintf_s instead. To disable deprecation, use _CRT_SECURE_NO_WARNINGS. See online help for details.
C:\Users\Administrator\Pictures\lslog breker\lslog breker\Last Korea lslog\ls-addon-main\LSLog\src\CLog.cpp(204,2): warning C4996: 'sprintf': This function or variable may be unsafe. Consider using sprintf_s instead. To disable deprecation, use _CRT_SECURE_NO_WARNINGS. See online help for details.
C:\Users\Administrator\Pictures\lslog breker\lslog breker\Last Korea lslog\ls-addon-main\LSLog\src\CLog.cpp(210,2): warning C4996: 'vsprintf': This function or variable may be unsafe. Consider using vsprintf_s instead. To disable deprecation, use _CRT_SECURE_NO_WARNINGS. See online help for details.
C:\Users\Administrator\Pictures\lslog breker\lslog breker\Last Korea lslog\ls-addon-main\LSLog\src\CLog.cpp(231,2): warning C4996: 'vsprintf': This function or variable may be unsafe. Consider using vsprintf_s instead. To disable deprecation, use _CRT_SECURE_NO_WARNINGS. See online help for details.
C:\Users\Administrator\Pictures\lslog breker\lslog breker\Last Korea lslog\ls-addon-main\LSLog\src\CLog.cpp(245,2): warning C4996: 'sprintf': This function or variable may be unsafe. Consider using sprintf_s instead. To disable deprecation, use _CRT_SECURE_NO_WARNINGS. See online help for details.
C:\Users\Administrator\Pictures\lslog breker\lslog breker\Last Korea lslog\ls-addon-main\LSLog\src\CLog.cpp(249,2): warning C4996: 'sprintf': This function or variable may be unsafe. Consider using sprintf_s instead. To disable deprecation, use _CRT_SECURE_NO_WARNINGS. See online help for details.
C:\Users\Administrator\Pictures\lslog breker\lslog breker\Last Korea lslog\ls-addon-main\LSLog\src\CLog.cpp(255,2): warning C4996: 'vsprintf': This function or variable may be unsafe. Consider using vsprintf_s instead. To disable deprecation, use _CRT_SECURE_NO_WARNINGS. See online help for details.
C:\Users\Administrator\Pictures\lslog breker\lslog breker\Last Korea lslog\ls-addon-main\LSLog\src\CLog.cpp(282,3): warning C4996: 'getch': The POSIX name for this item is deprecated. Instead, use the ISO C and C++ conformant name: _getch. See online help for details.
  StdAfx.cpp
  Generating Code...
     Creating library .\bin\LSLog.lib and object .\bin\LSLog.exp
  LSLog.vcxproj -> C:\Users\Administrator\Pictures\lslog breker\lslog breker\Last Korea lslog\lib\LSLog.dll
