c:\users\administrator\pictures\lslog breker\lslog breker\last korea lslog\ls-addon-main\lslog\lslog\release\vc143.pdb
c:\users\administrator\pictures\lslog breker\lslog breker\last korea lslog\ls-addon-main\lslog\lslog\release\stdafx.obj
c:\users\administrator\pictures\lslog breker\lslog breker\last korea lslog\ls-addon-main\lslog\lslog\release\clog.obj
c:\users\administrator\pictures\lslog breker\lslog breker\last korea lslog\ls-addon-main\lslog\lslog\release\lslog.obj
c:\users\administrator\pictures\lslog breker\lslog breker\last korea lslog\lib\lslog.dll
c:\users\administrator\pictures\lslog breker\lslog breker\build\zone_office\pdb\lslog.pdb
c:\users\administrator\pictures\lslog breker\lslog breker\last korea lslog\ls-addon-main\lslog\bin\lslog.lib
c:\users\administrator\pictures\lslog breker\lslog breker\last korea lslog\ls-addon-main\lslog\bin\lslog.exp
c:\users\administrator\pictures\lslog breker\lslog breker\last korea lslog\ls-addon-main\lslog\lslog\release\lslog.vcxproj.cppwinrt_comp.rsp
c:\users\administrator\pictures\lslog breker\lslog breker\last korea lslog\ls-addon-main\lslog\lslog\release\lslog.vcxproj.cppwinrt_plat.rsp
c:\users\administrator\pictures\lslog breker\lslog breker\last korea lslog\ls-addon-main\lslog\lslog\release\lslog.vcxproj.mdmerge.rsp
c:\users\administrator\pictures\lslog breker\lslog breker\last korea lslog\ls-addon-main\lslog\lslog\release\lslog.vcxproj.midlrt.rsp
c:\users\administrator\pictures\lslog breker\lslog breker\last korea lslog\ls-addon-main\lslog\lslog\release\lslog.tlog\cl.command.1.tlog
c:\users\administrator\pictures\lslog breker\lslog breker\last korea lslog\ls-addon-main\lslog\lslog\release\lslog.tlog\cl.items.tlog
c:\users\administrator\pictures\lslog breker\lslog breker\last korea lslog\ls-addon-main\lslog\lslog\release\lslog.tlog\cl.read.1.tlog
c:\users\administrator\pictures\lslog breker\lslog breker\last korea lslog\ls-addon-main\lslog\lslog\release\lslog.tlog\cl.write.1.tlog
c:\users\administrator\pictures\lslog breker\lslog breker\last korea lslog\ls-addon-main\lslog\lslog\release\lslog.tlog\link.command.1.tlog
c:\users\administrator\pictures\lslog breker\lslog breker\last korea lslog\ls-addon-main\lslog\lslog\release\lslog.tlog\link.read.1.tlog
c:\users\administrator\pictures\lslog breker\lslog breker\last korea lslog\ls-addon-main\lslog\lslog\release\lslog.tlog\link.secondary.1.tlog
c:\users\administrator\pictures\lslog breker\lslog breker\last korea lslog\ls-addon-main\lslog\lslog\release\lslog.tlog\link.write.1.tlog
